============================= test session starts =============================
platform win32 -- Python 3.10.11, pytest-8.4.2, pluggy-1.6.0
rootdir: C:\DEV\Code_pro\python_test
plugins: cov-7.0.0
collected 0 items

=============================== tests coverage ================================
______________ coverage: platform win32, python 3.10.11-final-0 _______________

Name                     Stmts   Miss  Cover
--------------------------------------------
pytest_add_function.py       6      6     0%
--------------------------------------------
TOTAL                        6      6     0%
============================ no tests ran in 0.04s ============================
